0:100  0:100  MemLog inited, TSC freq: 2305753580
0:100  0:000  CPU was calibrated with RTC
0:100  0:000  
0:100  0:000  Now is 1.7.2019,  1:27:51 (GMT)
0:100  0:000  Starting Clover revision: 4961 on INSYDE Corp. EFI
0:100  0:000  Build with: [Args: -D NO_GRUB_DRIVERS_EMBEDDED | -D NO_GRUB_DRIVERS_EMBEDDED -D USE_LOW_EBDA -D HAVE_LEGACY_EMURUNTIMEDXE -a X64 -b RELEASE -t XCODE8 -n 5 | OS: 10.13.6 | XCODE: 10.1]
0:100  0:000  SelfDevicePath=PciRoot(0x0)\Pci(0x1D,0x0)\Pci(0x0,0x0)\NVMe(0x1,59-58-1D-00-04-0D-08-00)\HD(2,GPT,F88E2F5D-0DB1-4398-A48B-E1F7534BEA61,0xFA000,0x9A300) @7B752798
0:100  0:000  SelfDirPath = \EFI\CLOVER
0:101  0:000  === [ Get Smbios ] ========================================
0:101  0:000  Type 16 Index = 0
0:101  0:000  Total Memory Slots Count = 2
0:101  0:000  Type 17 Index = 0
0:101  0:000  SmbiosTable.Type17->Speed = 2667MHz
0:101  0:000  SmbiosTable.Type17->Size = 8192MB
0:101  0:000  SmbiosTable.Type17->Bank/Device = BANK 0 ChannelA-DIMM0
0:101  0:000  SmbiosTable.Type17->Vendor = Ramaxel
0:101  0:000  SmbiosTable.Type17->SerialNumber = 129DF06B
0:101  0:000  SmbiosTable.Type17->PartNumber = RMSA3260ME78HAF-2666
0:101  0:000  Type 17 Index = 1
0:101  0:000  Ignoring insane frequency value 0MHz
0:101  0:000  SmbiosTable.Type17->Speed = 0MHz
0:101  0:000  SmbiosTable.Type17->Size = 0MB
0:101  0:000  SmbiosTable.Type17->Bank/Device = BANK 2 ChannelB-DIMM0
0:101  0:000  SmbiosTable.Type17->Vendor = <null string>
0:101  0:000  SmbiosTable.Type17->SerialNumber = <null string>
0:101  0:000  SmbiosTable.Type17->PartNumber = <null string>
0:101  0:000  Boot status=0
0:101  0:000  Running on: '81FV' with board 'LNVNB161216'
0:101  0:000  === [ GetCPUProperties ] ==================================
0:101  0:000  CPU Vendor = 756E6547 Model=906EA
0:101  0:000   The CPU supported SSE4.1
0:101  0:000  BrandString = Intel(R) Core(TM) i5-8300H CPU @ 2.30GHz
0:101  0:000   The CPU supported turbo
0:101  0:000  MSR 0x35               40008
0:101  0:000   TSC/CCC Information Leaf:
0:101  0:000    numerator     : 192
0:101  0:000    denominator   : 2
0:101  0:000   Calibrated ARTFrequency: 24018266
0:101  0:000  MSR 0xE2 before patch 1E008005
0:101  0:000  MSR 0xE2 is locked, PM patches will be turned on
0:101  0:000  MSR 0xCE              0008083B_F1011700
0:101  0:000  corrected FLEX_RATIO = 0
0:101  0:000  MSR 0x1B0             00000000
0:101  0:000  FSBFrequency = 95 MHz, DMI FSBFrequency = 100 MHz, Corrected FSBFrequency = 100 MHz
0:101  0:000  MaxDiv/MinDiv: 23.0/8
0:101  0:000  Turbo: 39/40/40/40
0:101  0:000  Features: 0xBFEBFBFF
0:101  0:000  Threads: 8
0:101  0:000  Cores: 4
0:101  0:000  FSB: 100 MHz
0:101  0:000  CPU: 2178 MHz
0:101  0:000  TSC: 2178 MHz
0:101  0:000  PIS: 100 MHz
0:101  0:000  ExternalClock: 25 MHz
0:101  0:000  === [ GetDevices ] ========================================
0:101  0:000  PCI (00|00:00.00) : 8086 3E10 class=060000
0:101  0:000  PCI (00|00:01.00) : 8086 1901 class=060400
0:101  0:000  PCI (00|01:00.00) : 10DE 1C8C class=030000
0:101  0:000   - GFX: Model=Unknown family 137 (Pascal)
0:101  0:000  PCI (00|01:00.01) : FFFF FFFF class=FFFFFF
0:101  0:000  PCI (00|00:02.00) : 8086 3E9B class=030000
0:101  0:000   - GFX: Model=Intel UHD Graphics 630 (Intel)
0:101  0:000  PCI (00|00:04.00) : 8086 1903 class=118000
0:101  0:000  PCI (00|00:08.00) : 8086 1911 class=088000
0:101  0:000  PCI (00|00:12.00) : 8086 A379 class=118000
0:101  0:000  PCI (00|00:14.00) : 8086 A36D class=0C0330
0:101  0:000  PCI (00|00:14.02) : 8086 A36F class=050000
0:101  0:000  PCI (00|00:14.03) : 8086 A370 class=028000
0:101  0:000   - WIFI: Vendor=Intel
0:101  0:000  PCI (00|00:15.00) : 8086 A368 class=0C8000
0:101  0:000  PCI (00|00:15.01) : 8086 A369 class=0C8000
0:101  0:000  PCI (00|00:16.00) : 8086 A360 class=078000
0:101  0:000  PCI (00|00:17.00) : 8086 A353 class=010601
0:101  0:000  PCI (00|00:1D.00) : 8086 A330 class=060400
0:101  0:000  PCI (00|06:00.00) : 1179 0113 class=010802
0:101  0:000  PCI (00|00:1D.05) : 8086 A335 class=060400
0:101  0:000  PCI (00|07:00.00) : 10EC 8168 class=020000
0:101  0:000   - LAN: 0 Vendor=Realtek
0:102  0:000  PCI (00|00:1E.00) : 8086 A328 class=078000
0:102  0:000  PCI (00|00:1F.00) : 8086 A30D class=060100
0:102  0:000  PCI (00|00:1F.03) : 8086 A348 class=040300
0:102  0:000  PCI (00|00:1F.04) : 8086 A323 class=0C0500
0:102  0:000  PCI (00|00:1F.05) : 8086 A324 class=0C8000
0:102  0:000  === [ GetDefaultSettings ] ================================
0:102  0:000  Clover load options size = 36 bytes
0:102  0:000  Clover started with option to boot boot.efi from MACOS
0:106  0:003  EFI\CLOVER\config.plist loaded: Success
0:106  0:000  === [ GetListOfThemes ] ===================================
0:106  0:000  - [00]: Olarila
0:108  0:001  - [01]: embedded
0:109  0:001  - [01]: random
0:111  0:001  - [01]: Clovy
0:117  0:005  === [ Found config plists ] ===============================
0:117  0:000  - config.plist
0:117  0:000  - config(legion).plist
0:118  0:000  === [ GetEarlyUserSettings ] ==============================
0:118  0:000  timeout set to 5
0:118  0:000  Custom boot CUSTOM_BOOT_APPLE (0x0)
0:118  0:000  KextsToPatch: 12 requested
0:118  0:000   - [00]: com.apple.driver.AppleAHCIPort (External icons patch) :: MatchOS: 10.13.x,10.14.x :: BinPatch :: data len: 8
0:118  0:000   - [01]: com.apple.iokit.IOUSBHostFamily (USB Port Limit Patch 1 ©PMHeart) :: MatchOS: 10.14.4 :: BinPatch :: data len: 9
0:118  0:000   - [02]: com.apple.driver.usb.AppleUSBXHCI (USB Por﻿t Limit Patch 2 ©PMHeart﻿) :: MatchOS: 10.14.4 :: BinPatch :: data len: 10
0:118  0:000   - [03]: com.apple.iokit.IOUSBHostFamily (USB Port Limit Patch 3 ©P﻿MHeart﻿﻿) :: MatchOS: 10.14.4 :: BinPatch :: data len: 8
0:118  0:000   - [04]: com.apple.driver.AppleMikeyDriver (MikeyDriver Patch Assertions) :: MatchOS: 10.13.x,10.14.x :: BinPatch :: data len: 16
0:118  0:000   - [05]: com.apple.iokit.IOUSBHostFamily (USB Port Limit Patch 1 ©ydeng) :: MatchOS: 10.14.3 :: BinPatch :: data len: 8
0:118  0:000   - [06]: com.apple.driver.usb.AppleUSBXHCI (USB Port Limit Patch 2 ©ydeng) :: MatchOS: 10.14.3 :: BinPatch :: data len: 9
0:118  0:000   - [07]: com.app﻿le.iokit.IOUSBHostFamily﻿﻿ (USB Port Limit Patch ﻿3 ©ydeng﻿) :: MatchOS: 10.14.3 :: BinPatch :: data len: 8
0:118  0:000   - [08]: com.apple.driver.AppleIntelLpssI2C (Prevent Apple I2C kexts from attaching to I2C controllers) :: MatchOS: 10.13.x,10.14.x :: PlistPatch :: data len: 8
0:118  0:000   - patch disabled at config
0:118  0:000   - [09]: com.apple.driver.AppleIntelLpssI2CController (Prevent Apple I2C kexts from attaching to I2C controllers) :: MatchOS: 10.13.x,10.14.x :: PlistPatch :: data len: 8
0:118  0:000   - patch disabled at config
0:118  0:000   - [10]: com.apple.driver.usb.AppleUSBXHCI (USB 10.13.6 by PMHeart) :: MatchOS: 10.13.6 :: BinPatch :: data len: 10
0:118  0:000   - [11]: com.apple.driver.AppleHDA (AppleHDA Patch Assertions) :: MatchOS: 10.13.x,10.14.x :: BinPatch :: data len: 16
0:118  0:000  Default theme: embedded
0:118  0:000  === [ LoadDrivers ] =======================================
0:119  0:001  Loading EmuVariableUefi.efi  status=Success
0:123  0:004  EmuVariableUefi Initialize: VariableCommonInitialize = Success, orig services stored, install gEmuVariableControlProtocolGuid = Success
0:124  0:001  Loading AppleImageLoader-64.efi  status=Success
0:127  0:002  Loading AptioMemoryFix-64.efi  status=Success
0:131  0:003  Loading Fat-64.efi  status=Success
0:134  0:003   - driver needs connecting
0:134  0:000  Loading AudioDxe-64.efi  status=Success
0:138  0:003   - driver needs connecting
0:138  0:000  Loading HFSPlus-64.efi  status=Success
0:141  0:003   - driver needs connecting
0:141  0:000  Loading NTFS.efi  status=Success
0:146  0:005   - driver needs connecting
0:146  0:000  Loading NvmExpressDxe-64.efi  status=Success
0:150  0:003   - driver needs connecting
0:150  0:000  Loading DataHubDxe-64.efi  status=Success
0:153  0:003  Loading EmuVariableUefi-64.efi  status=Success
0:157  0:004  EmuVariableUefi Initialize: VariableCommonInitialize = Success, orig services stored, install gEmuVariableControlProtocolGuid = Success
0:158  0:001  Loading FSInject-64.efi  status=Success
0:161  0:002  Loading PartitionDxe-64.efi  status=Success
0:164  0:002   - driver needs connecting
0:164  0:000  Loading SMCHelper-64.efi  status=Success
0:167  0:002  6 drivers needs connecting ...
0:167  0:000  PlatformDriverOverrideProtocol->GetDriver overriden
0:167  0:000  Partition driver loaded: 
0:167  0:000  HFS+ driver loaded
0:167  0:000  Searching for invalid DiskIo BY_DRIVER connects: not found, all ok
5:500  5:332  EmuVariable InstallEmulation: orig vars copied, emu.var.services installed, CreateEvent VirtualAddressChange = Success, CreateEvent ExitBootServices = Success, set Status=Success
5:509  0:009  === [ InitScreen ] ========================================
5:509  0:000  Console modes reported: 7, available modes:
5:509  0:000   - [01]: 80x25
5:509  0:000   - [02]: 80x50
5:509  0:000   - [03]: 80x25
5:509  0:000   - [04]: 240x56 (current mode)
5:509  0:000   - [05]: 100x31
5:509  0:000   - [06]: 128x40
5:509  0:000   - [07]: 160x53
5:509  0:000  SetScreenResolution: 1920x1080 - already set
5:509  0:000  SetScreenResolution: 1920x1080 - already set
5:509  0:000  reinit: self device path=PciRoot(0x0)\Pci(0x1D,0x0)\Pci(0x0,0x0)\NVMe(0x1,59-58-1D-00-04-0D-08-00)\HD(2,GPT,F88E2F5D-0DB1-4398-A48B-E1F7534BEA61,0xFA000,0x9A300)
5:514  0:005  Using embedded font: Success
5:515  0:001  === [ GetMacAddress ] =====================================
5:515  0:000  MAC address of LAN #0= 8C:16:45:C1:FD:D7:
5:515  0:000  MAC address of LAN #1= 8C:16:45:C1:FD:D7:
5:515  0:000  MAC address of LAN #2= 8C:16:45:C1:FD:D7:
5:515  0:000  === [ ScanSPD ] ===========================================
5:516  0:000  Scanning SMBus [8086:A323], mmio: 0xA442B004, ioport: 0x5040, hostc: 0x11
5:535  0:019  Slot: 0 Type 26 8192MB 2666MHz Vendor=Ramaxel Technology PartNo=RMSA3260ME78HAF-2666 SerialNo=0102090D0F00060B
5:536  0:001  === [ GetAcpiTablesList ] =================================
5:536  0:000  Get Acpi Tables List from RSDT:
5:536  0:000   - [00]: FACP  CB-01    len=268
5:536  0:000   - [01]: UEFI  CB-01    len=566
5:536  0:000   - [02]: SSDT  CB-01    len=6101
5:536  0:000   - [03]: SSDT  CB-01    len=12753
5:536  0:000   - [04]: SSDT  CB-01    len=13200
5:536  0:000   - [05]: UEFI  CB-01    len=66
5:536  0:000   - [06]: SSDT  CB-01    len=1114
5:536  0:000   - [07]: SSDT  CB-01    len=70
5:536  0:000   - [08]: TPM2  CB-01    len=52
5:536  0:000   - [09]: MSDM  CB-01    len=85
5:536  0:000   - [10]: SSDT  CB-01    len=14650
5:536  0:000   - [11]: LPIT  CB-01    len=92
5:536  0:000   - [12]: WSMT  CB-01    len=40
5:536  0:000   - [13]: SSDT  CB-01    len=3119
5:536  0:000   - [14]: DBGP  CB-01    len=52
5:536  0:000   - [15]: DBG2  CB-01    len=97
5:536  0:000   - [16]: SSDT  CB-01    len=2281
5:536  0:000   - [17]: SSDT  CB-01    len=10577
5:536  0:000   - [18]: ASF!  CB-01    len=165
5:536  0:000   - [19]: HPET  CB-01    len=56
5:536  0:000   - [20]: APIC  CB-01    len=300
5:536  0:000   - [21]: MCFG  CB-01    len=60
5:536  0:000   - [22]: SSDT  CB-01    len=11199
5:536  0:000   - [23]: DMAR  CB-01    len=168
5:536  0:000   - [24]: SSDT  CB-01    len=14214
5:536  0:000   - [25]: SSDT  CB-01    len=291
5:536  0:000   - [26]: FPDT  CB-01    len=68
5:536  0:000   - [27]: BGRT  CB-01    len=56
5:536  0:000  Calibrated TSC Frequency = 2305753580 = 2305MHz
5:536  0:000  === [ GetUserSettings ] ===================================
5:536  0:000  Add 1 devices:
5:536  0:000  USB FixOwnership: yes
5:536  0:000  Dropping 2 tables:
5:536  0:000   - [00]: Drop table  signature="DMAR" (52414D44)
5:536  0:000           - set table: 52414D44,                0 to drop: yes
5:536  0:000   - [01]: Drop table  signature="SSDT" (54445353) table-id="xh_rvp10" (30317076725F6878)
5:536  0:000           - set table: 54445353, 30317076725F6878 to drop: no
5:536  0:000   - final DSDT Fix mask=50460054
5:536  0:000  PatchesDSDT: 8 requested
5:536  0:000   - [00]: (GFX0 to IGPU) lenToFind: 4, lenToReplace: 4, Target Bridge: <null string>
5:536  0:000   - [01]: (HDAS to HDEF) lenToFind: 4, lenToReplace: 4, Target Bridge: <null string>
5:536  0:000   - [02]: (HECI to IMEI) lenToFind: 4, lenToReplace: 4, Target Bridge: <null string>
5:536  0:000   - [03]: (SAT0 to SATA) lenToFind: 4, lenToReplace: 4, Target Bridge: <null string>
5:536  0:000   - [04]: (GLAN to GIGE) lenToFind: 4, lenToReplace: 4, Target Bridge: <null string>
5:536  0:000   - [05]: (H_EC to EC) lenToFind: 4, lenToReplace: 4, Target Bridge: <null string>
5:536  0:000    patch disabled at config
5:536  0:000   - [06]: (EC0 to EC) lenToFind: 4, lenToReplace: 4, Target Bridge: <null string>
5:536  0:000    patch disabled at config
5:536  0:000   - [07]: (ECDV to EC) lenToFind: 4, lenToReplace: 4, Target Bridge: <null string>
5:536  0:000    patch disabled at config
5:536  0:000  Using ProductName from config: MacBookPro15,2
5:536  0:000  Using latest BiosVersion from clover
5:536  0:000  BiosVersion: MBP152.88Z.F000.B00.1904222000
5:536  0:000  BiosReleaseDate: 04/22/2019
5:536  0:000  Using latest EfiVersion from clover: 220.260.170.0.0
5:536  0:000  Using FirmwareFeatures from config: 0xFC0FE137
5:536  0:000  Using FirmwareFeaturesMask from config: 0xFF1FFF3F
5:536  0:000  Board-ID set from config as Mac-827FB448E656EC26
5:536  0:000  BoardType: 0xA
5:536  0:000  ChassisType: 0x9
5:537  0:001  === [ Found DSDT tables ] =================================
5:757  0:219  === [ ScanVolumes ] =======================================
5:757  0:000  Found 12 volumes with blockIO
5:757  0:000  - [00]: Volume: PciRoot(0x0)\Pci(0x17,0x0)\Sata(0x4,0x0,0x0)
5:757  0:000  - [01]: Volume: PciRoot(0x0)\Pci(0x17,0x0)\Sata(0x4,0x0,0x0)\HD(1,GPT,D43A7118-64D2-813C-FC99-C4B0512E8718,0x800,0x1D1BCF0A)
5:759  0:001          Result of bootcode detection: bootable Windows (win)
5:759  0:000  - [02]: Volume: PciRoot(0x0)\Pci(0x17,0x0)\Sata(0x4,0x0,0x0)\HD(2,GPT,C3C7176A-DC1B-A32F-7233-52FD5109BC45,0x1D1BD70A,0x1D1BD70A)
5:760  0:001          Result of bootcode detection: bootable Windows (win)
5:760  0:000  - [03]: Volume: PciRoot(0x0)\Pci(0x17,0x0)\Sata(0x4,0x0,0x0)\HD(3,GPT,BB60EF8E-964F-DBEC-EE06-F7E299024D44,0x3A37AE14,0x1D1BD70A)
5:762  0:001          Result of bootcode detection: bootable Windows (win)
5:762  0:000  - [04]: Volume: PciRoot(0x0)\Pci(0x17,0x0)\Sata(0x4,0x0,0x0)\HD(4,GPT,B532CBAE-F939-8280-E9DE-309A65592F89,0x5753851E,0x109CE870)
5:763  0:001          Result of bootcode detection: bootable Windows (win)
5:763  0:000  - [05]: Volume: PciRoot(0x0)\Pci(0x1D,0x0)\Pci(0x0,0x0)\NVMe(0x1,59-58-1D-00-04-0D-08-00)
5:763  0:000  - [06]: Volume: PciRoot(0x0)\Pci(0x1D,0x0)\Pci(0x0,0x0)\NVMe(0x1,59-58-1D-00-04-0D-08-00)\HD(1,GPT,1D4F16EC-3834-477E-85BA-0894656C27C8,0x800,0xF9800)
5:763  0:000          Result of bootcode detection: bootable Windows (vista,win)
5:763  0:000  - [07]: Volume: PciRoot(0x0)\Pci(0x1D,0x0)\Pci(0x0,0x0)\NVMe(0x1,59-58-1D-00-04-0D-08-00)\HD(2,GPT,F88E2F5D-0DB1-4398-A48B-E1F7534BEA61,0xFA000,0x9A300)
5:764  0:000          Result of bootcode detection: bootable Windows (vista,win)
5:764  0:000          This is SelfVolume !!
5:764  0:000  - [08]: Volume: PciRoot(0x0)\Pci(0x1D,0x0)\Pci(0x0,0x0)\NVMe(0x1,59-58-1D-00-04-0D-08-00)\HD(3,GPT,B608F71F-8AF6-7241-D112-A889EBE7FD49,0x194300,0x803F)
5:765  0:000  - [09]: Volume: PciRoot(0x0)\Pci(0x1D,0x0)\Pci(0x0,0x0)\NVMe(0x1,59-58-1D-00-04-0D-08-00)\HD(4,GPT,B4FFB677-64FD-4A0E-852A-7E860A041C1A,0x19FFF8,0x8200000)
5:765  0:000          Result of bootcode detection: bootable Windows (vista,win)
5:765  0:000  - [10]: Volume: PciRoot(0x0)\Pci(0x1D,0x0)\Pci(0x0,0x0)\NVMe(0x1,59-58-1D-00-04-0D-08-00)\HD(5,GPT,F40B5687-1C3A-4895-9ADE-BBABAD5C794F,0x839FFF8,0x69A6370)
5:765  0:000  - [11]: Volume: PciRoot(0x0)\Pci(0x1D,0x0)\Pci(0x0,0x0)\NVMe(0x1,59-58-1D-00-04-0D-08-00)\HD(6,GPT,5F1DDC7F-EBB0-4BE6-B095-92169AA23554,0xED46368,0x135F20)
5:918  0:152  Loading nvram.plist from Vol 'EFI' - loaded, size=3510
5:922  0:003  === [ PutNvramPlistToRtVars ] =============================
5:922  0:000   Adding Key: BootCampHD: Size = 44, Data: 02 01 0C 00 D0 41 03 0A 00 00 00 00 01 01 06 00 00 1D 01 01 06 00 00 00 03 16 10 00 01 00 00 00 00 08 0D 04 00 1D 58 59 7F FF 04 00 
5:922  0:000   Skipping EmuVariableUefiPresent
5:922  0:000   Adding Key: SystemAudioVolume: Size = 1, Data: 30 
5:922  0:000   Adding Key: SystemAudioVolumeDB: Size = 1, Data: F7 
5:922  0:000   Adding Key: backlight-level: Size = 2, Data: A9 31 
5:922  0:000   Adding Key: bluetoothActiveControllerInfo: Size = 16, Data: AA 0A 87 80 00 00 00 00 E0 14 00 00 00 00 00 00 
5:922  0:000   Adding Key: csr-active-config: Size = 4, Data: 67 00 00 00 
5:922  0:000   Adding Key: efi-backup-boot-device: Size = 216, Data: 3C 61 72 72 61 79 3E 3C 64 69 63 74 3E 3C 6B 65 79 3E 49 4F 4D 61 74 63 68 3C 2F 6B 65 79 3E 3C 64 69 63 74 3E 3C 6B 65 79 3E 49 4F 50 72 6F 76 69 64 65 72 43 6C 61 73 73 3C 2F 6B 65 79 3E 3C 73 74 72 69 6E 67 3E 49 4F 4D 65 64 69 61 3C 2F 73 74 72 69 6E 67 3E 3C 6B 65 79 3E 49 4F 50 72 6F 70 65 72 74 79 4D 61 74 63 68 3C 2F 6B 65 79 3E 3C 64 69 63 74 3E 3C 6B 65 79 3E 55 55 49 44 3C 2F 6B 65 79 3E 3C 73 74 72 69 6E 67 3E 46 34 30 42 35 36 38 37 2D 31 43 33 41 2D 34 38 39 35 2D 39 41 44 45 2D 42 42 41 42 41 44 35 43 37 39 34 46 3C 2F 73 74 72 69 6E 67 3E 3C 2F 64 69 63 74 3E 3C 2F 64 69 63 74 3E 3C 2F 64 69 63 74 3E 3C 2F 61 72 72 61 79 3E 
5:922  0:000   Adding Key: efi-backup-boot-device-data: Size = 216, Data: 3C 61 72 72 61 79 3E 3C 64 69 63 74 3E 3C 6B 65 79 3E 49 4F 4D 61 74 63 68 3C 2F 6B 65 79 3E 3C 64 69 63 74 3E 3C 6B 65 79 3E 49 4F 50 72 6F 76 69 64 65 72 43 6C 61 73 73 3C 2F 6B 65 79 3E 3C 73 74 72 69 6E 67 3E 49 4F 4D 65 64 69 61 3C 2F 73 74 72 69 6E 67 3E 3C 6B 65 79 3E 49 4F 50 72 6F 70 65 72 74 79 4D 61 74 63 68 3C 2F 6B 65 79 3E 3C 64 69 63 74 3E 3C 6B 65 79 3E 55 55 49 44 3C 2F 6B 65 79 3E 3C 73 74 72 69 6E 67 3E 46 34 30 42 35 36 38 37 2D 31 43 33 41 2D 34 38 39 35 2D 39 41 44 45 2D 42 42 41 42 41 44 35 43 37 39 34 46 3C 2F 73 74 72 69 6E 67 3E 3C 2F 64 69 63 74 3E 3C 2F 64 69 63 74 3E 3C 2F 64 69 63 74 3E 3C 2F 61 72 72 61 79 3E 
5:922  0:000   Adding Key: efi-backup-boot-device-data-data: Size = 86, Data: 02 01 0C 00 D0 41 03 0A 00 00 00 00 01 01 06 00 00 1D 01 01 06 00 00 00 03 16 10 00 01 00 00 00 00 08 0D 04 00 1D 58 59 04 01 2A 00 05 00 00 00 F8 FF 39 08 00 00 00 00 70 63 9A 06 00 00 00 00 87 56 0B F4 3A 1C 95 48 9A DE BB AB AD 5C 79 4F 02 02 7F FF 04 00 
5:922  0:000   Adding Key: efi-boot-device: Size = 216, Data: 3C 61 72 72 61 79 3E 3C 64 69 63 74 3E 3C 6B 65 79 3E 49 4F 4D 61 74 63 68 3C 2F 6B 65 79 3E 3C 64 69 63 74 3E 3C 6B 65 79 3E 49 4F 50 72 6F 76 69 64 65 72 43 6C 61 73 73 3C 2F 6B 65 79 3E 3C 73 74 72 69 6E 67 3E 49 4F 4D 65 64 69 61 3C 2F 73 74 72 69 6E 67 3E 3C 6B 65 79 3E 49 4F 50 72 6F 70 65 72 74 79 4D 61 74 63 68 3C 2F 6B 65 79 3E 3C 64 69 63 74 3E 3C 6B 65 79 3E 55 55 49 44 3C 2F 6B 65 79 3E 3C 73 74 72 69 6E 67 3E 46 34 30 42 35 36 38 37 2D 31 43 33 41 2D 34 38 39 35 2D 39 41 44 45 2D 42 42 41 42 41 44 35 43 37 39 34 46 3C 2F 73 74 72 69 6E 67 3E 3C 2F 64 69 63 74 3E 3C 2F 64 69 63 74 3E 3C 2F 64 69 63 74 3E 3C 2F 61 72 72 61 79 3E 
5:922  0:000   Adding Key: efi-boot-device-data: Size = 86, Data: 02 01 0C 00 D0 41 03 0A 00 00 00 00 01 01 06 00 00 1D 01 01 06 00 00 00 03 17 10 00 01 00 00 00 00 08 0D 04 00 1D 58 59 04 01 2A 00 05 00 00 00 F8 FF 39 08 00 00 00 00 70 63 9A 06 00 00 00 00 87 56 0B F4 3A 1C 95 48 9A DE BB AB AD 5C 79 4F 02 02 7F FF 04 00 
5:922  0:000   Adding Key: fakesmc-key-#KEY-ui32: Size = 4, Data: 00 00 00 11 
5:922  0:000   Adding Key: fakesmc-key-$Adr-ui32: Size = 4, Data: 00 00 03 00 
5:922  0:000   Adding Key: fakesmc-key-$Num-ui8: Size = 1, Data: 01 
5:922  0:000   Adding Key: fakesmc-key-BATP-flag: Size = 1, Data: 00 
5:922  0:000   Adding Key: fakesmc-key-BBIN-ui8: Size = 1, Data: 01 
5:922  0:000   Adding Key: fakesmc-key-BEMB-flag: Size = 1, Data: 01 
5:922  0:000   Adding Key: fakesmc-key-BNum-ui8: Size = 1, Data: 01 
5:922  0:000   Adding Key: fakesmc-key-EPCI-ui32: Size = 4, Data: 06 90 07 00 
5:922  0:000   Adding Key: fakesmc-key-MSAc-ui16: Size = 2, Data: 00 00 
5:922  0:000   Adding Key: fakesmc-key-MSFW-ui8: Size = 2, Data: 01 00 
5:922  0:000   Adding Key: fakesmc-key-MSPS-ui16: Size = 2, Data: 00 03 
5:922  0:000   Adding Key: fakesmc-key-MSTc-ui8: Size = 1, Data: 00 
5:922  0:000   Adding Key: fakesmc-key-MSWr-ui8: Size = 1, Data: 00 
5:922  0:000   Adding Key: fakesmc-key-RBr -ch8*: Size = 8, Data: 64 38 00 37 6D 62 70 00 
5:922  0:000   Adding Key: fakesmc-key-REV -ch8*: Size = 6, Data: 02 11 0F 00 00 16 
5:922  0:000   Adding Key: fakesmc-key-RMde-char: Size = 1, Data: 41 
5:922  0:000   Adding Key: fakesmc-key-RPlt-ch8*: Size = 8, Data: 6A 31 33 32 00 00 00 00 
5:922  0:000   Adding Key: fmm-computer-name: Size = 22, Data: 4D 61 6C 76 69 6B E2 80 99 73 20 4D 61 63 42 6F 6F 6B 20 50 72 6F 
5:922  0:000   Adding Key: nvda_drv: Size = 2, Data: 31 00 
5:922  0:000   Adding Key: platform-uuid: Size = 16, Data: 50 97 29 7D C1 BC 52 DE 93 EE 84 30 E1 26 D7 DB 
5:922  0:000   Adding Key: prev-lang:kbd: Size = 9, Data: 65 6E 2D 41 46 3A 32 35 32 
5:922  0:000   Adding Key: security-mode: String: Size = 4, Val = 'none'
5:922  0:000   Adding Key: specialbootdevice: Size = 86, Data: 02 01 0C 00 D0 41 03 0A 00 00 00 00 01 01 06 00 00 1D 01 01 06 00 00 00 03 17 10 00 01 00 00 00 00 08 0D 04 00 1D 58 59 04 01 2A 00 05 00 00 00 F8 FF 39 08 00 00 00 00 70 63 9A 06 00 00 00 00 87 56 0B F4 3A 1C 95 48 9A DE BB AB AD 5C 79 4F 02 02 7F FF 04 00 
5:922  0:000  found 2 handles with audio
5:922  0:000  No AudioIoDevice stored
5:922  0:000  no stored audio parameters
5:922  0:000  === [ InitTheme ] =========================================
5:922  0:000  use night theme
5:922  0:000   using embedded theme
5:922  0:000  got embedded sound
5:922  0:000    Channels: 2  Sample rate: 8000 Hz  Bits: 16
5:922  0:000  output to channel 0 with volume 70, len=25600
5:922  0:000   sound channels=2 bits=16 freq=8000
5:923  0:000  sound converted to 48kHz
5:923  0:000  not found AudioIo to play
5:923  0:000  sound play end with status=Not Found
5:923  0:000  Using embedded font: Success
5:924  0:000  theme inited
5:924  0:000  Chosen embedded theme
5:924  0:000  after NVRAM boot-args=-v dart=0 debug=0x100
5:924  0:000  === [ Dump SMC keys from NVRAM ] ==========================
5:924  0:000  found AppleSMC protocol
5:925  0:000  Registered 17 SMC keys
5:925  0:000  === [ ScanLoader ] ========================================
5:925  0:000  - [01]: 'MALVIK'
5:975  0:050  - [02]: ''
5:986  0:011  - [03]: ''
5:997  0:010  - [04]: ''
6:007  0:009  - [06]: 'Recovery'
6:012  0:005  - [07]: 'EFI'
6:014  0:002          AddLoaderEntry for Volume Name=EFI
6:025  0:010          AddLoaderEntry for Volume Name=EFI
6:025  0:000          skipped because entry is hidden
6:025  0:000  - [09]: ''
6:029  0:004  - [10]: 'MAC'
6:034  0:004          AddLoaderEntry for Volume Name=MAC
6:036  0:001      hibernated: set as never
6:091  0:055          AddLoaderEntry for Volume Name=MAC
6:091  0:000          skipped because entry is hidden
6:091  0:000  - [11]: 'Recovery HD'
6:092  0:000          AddLoaderEntry for Volume Name=Recovery HD
6:096  0:004  === [ AddCustomTool ] =====================================
6:097  0:001  found tool \EFI\CLOVER\tools\Shell64U.efi
6:097  0:000  Checking EFI partition Volume 7 for Clover
6:098  0:000   Found Clover
6:099  0:000  EmuVariable UninstallEmulation: CloseEvent = Success, original var services restored
6:100  0:001  EmuVariable InstallEmulation: orig vars copied, emu.var.services installed, CreateEvent VirtualAddressChange = Success, CreateEvent ExitBootServices = Success, set Status=Success
6:110  0:009  === [ GetEfiBootDeviceFromNvram ] =========================
6:110  0:000   - efi-boot-device-data: PciRoot(0x0)\Pci(0x1D,0x0)\Pci(0x0,0x0)\NVMe(0x1,59-58-1D-00-04-0D-08-00)\HD(5,GPT,F40B5687-1C3A-4895-9ADE-BBABAD5C794F,0x839FFF8,0x69A6370)
6:110  0:000    - Volume: 'PciRoot(0x0)\Pci(0x1D,0x0)\Pci(0x0,0x0)\NVMe(0x1,59-58-1D-00-04-0D-08-00)\HD(5,GPT,F40B5687-1C3A-4895-9ADE-BBABAD5C794F,0x839FFF8,0x69A6370)'
6:110  0:000    - LoaderPath: '<null string>'
6:110  0:000    - Guid = F40B5687-1C3A-4895-9ADE-BBABAD5C794F
6:110  0:000  === [ FindStartupDiskVolume ] =============================
6:110  0:000    - Volume: partition = PciRoot(0x0)\Pci(0x1D,0x0)\Pci(0x0,0x0)\NVMe(0x1,59-58-1D-00-04-0D-08-00)\HD(5,GPT,F40B5687-1C3A-4895-9ADE-BBABAD5C794F,0x839FFF8,0x69A6370)
6:110  0:000     - searching for that partition
6:110  0:000      - found entry 1. 'Boot macOS from MAC', Volume 'MAC'
6:110  0:000  Boot redirected to Entry 1. 'Boot macOS from MAC'
6:110  0:000  EmuVariable UninstallEmulation: CloseEvent = Success, original var services restored
6:110  0:000  DefaultIndex=1 and MainMenu.EntryCount=9
6:184  0:074  GUI ready
